2023-08-24 18:24:51,326:API Logs:logging:INFO:Received prediction request.
2023-08-24 18:24:51,627:API Logs:logging:INFO:Predicted cluster: 2
2023-08-24 18:40:09,847:API Logs:logging:INFO:Received prediction request.
2023-08-24 18:40:10,148:Predict Log:logging:INFO:Cluster prediction successful.
2023-08-24 18:40:10,148:API Logs:logging:INFO:Predicted cluster: 2
2023-08-24 18:41:32,522:API Logs:logging:INFO:Received prediction request.
2023-08-24 18:41:32,870:Predict Log:logging:INFO:Cluster prediction successful.
2023-08-24 18:41:32,870:API Logs:logging:INFO:Predicted cluster: 2
2023-08-24 18:46:33,314:Load Logs:logging:INFO:Retrieving data from URL...
2023-08-24 18:46:33,709:Load Logs:logging:INFO:Directory '../data/' created successfully.
2023-08-24 18:46:33,756:Load Logs:logging:INFO:Data stored in ../data/retrieved_data.csv
2023-08-24 18:47:07,185:API Logs:logging:INFO:Received prediction request.
2023-08-24 18:47:07,516:Predict Log:logging:INFO:Cluster prediction successful.
2023-08-24 18:47:07,516:API Logs:logging:INFO:Predicted cluster: 2
2023-08-24 18:50:58,804:Load Logs:logging:INFO:Retrieving data from URL...
2023-08-24 18:50:59,136:Load Logs:logging:INFO:Directory '../data/' created successfully.
2023-08-24 18:50:59,182:Load Logs:logging:INFO:Data stored in ../data/retrieved_data.csv
2023-08-24 18:51:16,517:Load Logs:logging:INFO:Retrieving data from URL...
2023-08-24 18:51:17,284:Load Logs:logging:INFO:Directory '../data/' already exists.
2023-08-24 18:51:17,334:Load Logs:logging:INFO:Data stored in ../data/retrieved_data.csv
2023-08-24 18:52:17,557:Load Logs:logging:INFO:Retrieving data from URL...
2023-08-24 18:52:18,022:Load Logs:logging:INFO:Directory '../data/' created successfully.
2023-08-24 18:52:18,067:Load Logs:logging:INFO:Data stored in ../data/retrieved_data.csv
2023-08-24 18:53:27,697:Load Logs:logging:INFO:Retrieving data from URL...
2023-08-24 18:53:28,044:Load Logs:logging:INFO:Directory '../data/' already exists.
2023-08-24 18:53:28,095:Load Logs:logging:INFO:Data stored in ../data/retrieved_data.csv
2023-08-24 18:53:49,487:Load Logs:logging:INFO:Retrieving data from URL...
2023-08-24 18:53:50,315:Load Logs:logging:INFO:Directory '../data/' already exists.
2023-08-24 18:53:50,351:Load Logs:logging:INFO:Data stored in ../data/retrieved_data.csv
2023-08-24 18:54:06,769:Load Logs:logging:INFO:Retrieving data from URL...
2023-08-24 18:54:07,120:Load Logs:logging:INFO:Directory '../data/' already exists.
2023-08-24 18:54:07,168:Load Logs:logging:INFO:Data stored in ../data/retrieved_data.csv
2023-08-24 18:55:00,866:Load Logs:logging:INFO:Retrieving data from URL...
2023-08-24 18:55:01,185:Load Logs:logging:INFO:Directory '../data/' already exists.
2023-08-24 18:55:01,232:Load Logs:logging:INFO:Data stored in ../data/retrieved_data.csv
2023-08-24 18:58:18,003:Load Logs:logging:INFO:Retrieving data from URL...
2023-08-24 18:58:18,575:Load Logs:logging:INFO:Directory '../data/' already exists.
2023-08-24 18:58:18,628:Load Logs:logging:INFO:Data stored in ../data/retrieved_data.csv
2023-08-24 18:59:48,314:Load Logs:logging:INFO:Retrieving data from URL...
2023-08-24 18:59:48,668:Load Logs:logging:INFO:Directory '/data/' created successfully.
2023-08-24 18:59:48,714:Load Logs:logging:INFO:Data stored in /data/retrieved_data.csv
2023-08-24 19:01:08,435:Load Logs:logging:INFO:Retrieving data from URL...
2023-08-24 19:01:08,905:Load Logs:logging:INFO:Directory '/data/' already exists.
2023-08-24 19:01:08,951:Load Logs:logging:INFO:Data stored in /data/retrieved_data.csv
2023-08-24 20:08:25,606:API Logs:logging:INFO:Cluster Classifiers is ready!
2023-08-24 20:08:25,613:API Logs:logging:INFO:Cluster Classifiers is ready!
2023-08-24 20:08:39,749:API Logs:logging:INFO:Received prediction request.
2023-08-24 20:08:40,081:Predict Log:logging:INFO:Cluster prediction successful.
2023-08-24 20:08:40,081:API Logs:logging:INFO:Predicted cluster: 2
2023-08-24 20:08:55,459:API Logs:logging:INFO:Cluster Classifiers is ready!
2023-08-24 20:10:07,269:API Logs:logging:INFO:Cluster Classifiers is ready!
2023-08-24 20:11:10,834:API Logs:logging:INFO:Received prediction request.
2023-08-24 20:11:10,850:Predict Log:logging:INFO:Cluster prediction successful.
2023-08-24 20:11:10,850:API Logs:logging:INFO:Predicted cluster: 2
2023-08-24 20:12:04,639:API Logs:logging:INFO:Training model started.
2023-08-24 20:12:04,639:API Logs:logging:ERROR:An error occurred: WebDataRetriever.retrieve_data() got an unexpected keyword argument 'url'
2023-08-24 20:12:08,448:API Logs:logging:INFO:Training model started.
2023-08-24 20:12:08,448:API Logs:logging:ERROR:An error occurred: WebDataRetriever.retrieve_data() got an unexpected keyword argument 'url'
2023-08-24 21:24:30,952:API Logs:logging:INFO:Training model started.
2023-08-24 21:24:30,952:API Logs:logging:ERROR:An error occurred: WebDataRetriever.retrieve_data() got an unexpected keyword argument 'url'
2023-08-24 21:24:32,203:API Logs:logging:INFO:Training model started.
2023-08-24 21:24:32,203:API Logs:logging:ERROR:An error occurred: WebDataRetriever.retrieve_data() got an unexpected keyword argument 'url'
2023-08-24 21:25:41,564:API Logs:logging:INFO:Training model started.
2023-08-24 21:25:41,564:API Logs:logging:ERROR:An error occurred: WebDataRetriever.retrieve_data() got an unexpected keyword argument 'url'
2023-08-24 21:28:02,811:API Logs:logging:INFO:Training model started.
2023-08-24 21:28:02,811:API Logs:logging:ERROR:An error occurred: WebDataRetriever.retrieve_data() got an unexpected keyword argument 'url'
2023-08-24 21:28:03,881:API Logs:logging:INFO:Training model started.
2023-08-24 21:28:03,897:API Logs:logging:ERROR:An error occurred: WebDataRetriever.retrieve_data() got an unexpected keyword argument 'url'
2023-08-24 21:30:53,632:API Logs:logging:INFO:Training model started.
2023-08-24 21:30:53,632:API Logs:logging:ERROR:An error occurred: WebDataRetriever.retrieve_data() missing 1 required positional argument: 'self'
2023-08-24 21:31:29,087:API Logs:logging:INFO:Training model started.
2023-08-24 21:31:29,103:API Logs:logging:ERROR:An error occurred: WebDataRetriever.retrieve_data() missing 1 required positional argument: 'self'
2023-08-24 21:32:34,870:API Logs:logging:INFO:Training model started.
2023-08-24 21:32:34,870:API Logs:logging:ERROR:An error occurred: WebDataRetriever.retrieve_data() missing 1 required positional argument: 'self'
2023-08-24 21:34:34,581:API Logs:logging:INFO:Training model started.
2023-08-24 21:34:34,581:API Logs:logging:ERROR:An error occurred: type object 'WebDataRetriever' has no attribute 'data_retriever'
2023-08-24 21:34:36,903:API Logs:logging:INFO:Training model started.
2023-08-24 21:34:36,903:API Logs:logging:ERROR:An error occurred: type object 'WebDataRetriever' has no attribute 'data_retriever'
2023-08-24 21:34:38,939:API Logs:logging:INFO:Training model started.
2023-08-24 21:34:38,939:API Logs:logging:ERROR:An error occurred: type object 'WebDataRetriever' has no attribute 'data_retriever'
2023-08-24 21:37:11,560:API Logs:logging:INFO:Training model started.
2023-08-24 21:37:16,989:API Logs:logging:INFO:Training model completed.
