2023-08-24 18:24:51,326:API Logs:logging:INFO:Received prediction request.
2023-08-24 18:24:51,627:API Logs:logging:INFO:Predicted cluster: 2
2023-08-24 18:40:09,847:API Logs:logging:INFO:Received prediction request.
2023-08-24 18:40:10,148:Predict Log:logging:INFO:Cluster prediction successful.
2023-08-24 18:40:10,148:API Logs:logging:INFO:Predicted cluster: 2
2023-08-24 18:41:32,522:API Logs:logging:INFO:Received prediction request.
2023-08-24 18:41:32,870:Predict Log:logging:INFO:Cluster prediction successful.
2023-08-24 18:41:32,870:API Logs:logging:INFO:Predicted cluster: 2
2023-08-24 18:46:33,314:Load Logs:logging:INFO:Retrieving data from URL...
2023-08-24 18:46:33,709:Load Logs:logging:INFO:Directory '../data/' created successfully.
2023-08-24 18:46:33,756:Load Logs:logging:INFO:Data stored in ../data/retrieved_data.csv
2023-08-24 18:47:07,185:API Logs:logging:INFO:Received prediction request.
2023-08-24 18:47:07,516:Predict Log:logging:INFO:Cluster prediction successful.
2023-08-24 18:47:07,516:API Logs:logging:INFO:Predicted cluster: 2
2023-08-24 18:50:58,804:Load Logs:logging:INFO:Retrieving data from URL...
2023-08-24 18:50:59,136:Load Logs:logging:INFO:Directory '../data/' created successfully.
2023-08-24 18:50:59,182:Load Logs:logging:INFO:Data stored in ../data/retrieved_data.csv
2023-08-24 18:51:16,517:Load Logs:logging:INFO:Retrieving data from URL...
2023-08-24 18:51:17,284:Load Logs:logging:INFO:Directory '../data/' already exists.
2023-08-24 18:51:17,334:Load Logs:logging:INFO:Data stored in ../data/retrieved_data.csv
2023-08-24 18:52:17,557:Load Logs:logging:INFO:Retrieving data from URL...
2023-08-24 18:52:18,022:Load Logs:logging:INFO:Directory '../data/' created successfully.
2023-08-24 18:52:18,067:Load Logs:logging:INFO:Data stored in ../data/retrieved_data.csv
2023-08-24 18:53:27,697:Load Logs:logging:INFO:Retrieving data from URL...
2023-08-24 18:53:28,044:Load Logs:logging:INFO:Directory '../data/' already exists.
2023-08-24 18:53:28,095:Load Logs:logging:INFO:Data stored in ../data/retrieved_data.csv
2023-08-24 18:53:49,487:Load Logs:logging:INFO:Retrieving data from URL...
2023-08-24 18:53:50,315:Load Logs:logging:INFO:Directory '../data/' already exists.
2023-08-24 18:53:50,351:Load Logs:logging:INFO:Data stored in ../data/retrieved_data.csv
2023-08-24 18:54:06,769:Load Logs:logging:INFO:Retrieving data from URL...
2023-08-24 18:54:07,120:Load Logs:logging:INFO:Directory '../data/' already exists.
2023-08-24 18:54:07,168:Load Logs:logging:INFO:Data stored in ../data/retrieved_data.csv
2023-08-24 18:55:00,866:Load Logs:logging:INFO:Retrieving data from URL...
2023-08-24 18:55:01,185:Load Logs:logging:INFO:Directory '../data/' already exists.
2023-08-24 18:55:01,232:Load Logs:logging:INFO:Data stored in ../data/retrieved_data.csv
2023-08-24 18:58:18,003:Load Logs:logging:INFO:Retrieving data from URL...
2023-08-24 18:58:18,575:Load Logs:logging:INFO:Directory '../data/' already exists.
2023-08-24 18:58:18,628:Load Logs:logging:INFO:Data stored in ../data/retrieved_data.csv
2023-08-24 18:59:48,314:Load Logs:logging:INFO:Retrieving data from URL...
2023-08-24 18:59:48,668:Load Logs:logging:INFO:Directory '/data/' created successfully.
2023-08-24 18:59:48,714:Load Logs:logging:INFO:Data stored in /data/retrieved_data.csv
2023-08-24 19:01:08,435:Load Logs:logging:INFO:Retrieving data from URL...
2023-08-24 19:01:08,905:Load Logs:logging:INFO:Directory '/data/' already exists.
2023-08-24 19:01:08,951:Load Logs:logging:INFO:Data stored in /data/retrieved_data.csv
